<?xml version="1.0" encoding="UTF-8"?>
<!-- Generated by org.testng.reporters.JUnitReportReporter -->
<testsuite hostname="Shivendra" failures="0" tests="1" name="org.kgisl.tests.TS023" time="15.262" errors="0" timestamp="2025-05-09T22:24:36 IST" skipped="0">
  <testcase classname="org.kgisl.tests.TS023" name="TC020" time="15.262"/>
</testsuite> <!-- org.kgisl.tests.TS023 -->
