<?xml version="1.0" encoding="UTF-8"?>
<!-- Generated by org.testng.reporters.JUnitReportReporter -->
<testsuite hostname="Shivendra" failures="0" tests="1" name="org.kgisl.tests.TS029" time="9.028" errors="0" timestamp="2025-05-10T15:18:01 IST" skipped="0">
  <testcase classname="org.kgisl.tests.TS029" name="TC014" time="9.028"/>
</testsuite> <!-- org.kgisl.tests.TS029 -->
