<?xml version="1.0" encoding="UTF-8"?>
<!-- Generated by org.testng.reporters.JUnitReportReporter -->
<testsuite hostname="Shivendra" failures="0" tests="1" name="org.kgisl.tests.TS009" time="0.339" errors="0" timestamp="2025-05-09T01:18:34 IST" skipped="0">
  <testcase classname="org.kgisl.tests.TS009" name="TC006" time="0.339"/>
</testsuite> <!-- org.kgisl.tests.TS009 -->
