<?xml version="1.0" encoding="UTF-8"?>
<!-- Generated by org.testng.reporters.JUnitReportReporter -->
<testsuite hostname="Shivendra" failures="0" tests="1" name="org.kgisl.tests.TS016" time="1.905" errors="0" timestamp="2025-05-09T22:12:54 IST" skipped="0">
  <testcase classname="org.kgisl.tests.TS016" name="TC013" time="1.905"/>
</testsuite> <!-- org.kgisl.tests.TS016 -->
