<?xml version="1.0" encoding="UTF-8"?>
<!-- Generated by org.testng.reporters.JUnitReportReporter -->
<testsuite hostname="Shivendra" failures="0" tests="1" name="org.kgisl.tests.TS017" time="3.266" errors="0" timestamp="2025-05-09T10:54:35 IST" skipped="0">
  <testcase classname="org.kgisl.tests.TS017" name="TC014" time="3.266"/>
</testsuite> <!-- org.kgisl.tests.TS017 -->
