<?xml version="1.0" encoding="UTF-8"?>
<!-- Generated by org.testng.reporters.JUnitReportReporter -->
<testsuite hostname="Shivendra" failures="0" tests="2" name="org.kgisl.tests.TS002" time="0.750" errors="0" timestamp="2025-05-08T10:33:05 IST" skipped="0">
  <testcase classname="org.kgisl.tests.TS002" name="TC005" time="0.476"/>
  <testcase classname="org.kgisl.tests.TS002" name="TC004" time="0.274"/>
</testsuite> <!-- org.kgisl.tests.TS002 -->
