<?xml version="1.0" encoding="UTF-8"?>
<!-- Generated by org.testng.reporters.JUnitReportReporter -->
<testsuite hostname="Shivendra" failures="0" tests="1" name="org.kgisl.tests.TS011" time="0.414" errors="0" timestamp="2025-05-09T07:59:17 IST" skipped="0">
  <testcase classname="org.kgisl.tests.TS011" name="TC008" time="0.414"/>
</testsuite> <!-- org.kgisl.tests.TS011 -->
