<?xml version="1.0" encoding="UTF-8"?>
<!-- Generated by org.testng.reporters.JUnitReportReporter -->
<testsuite hostname="Shivendra" failures="0" tests="1" name="org.kgisl.tests.TS004" time="0.056" errors="0" timestamp="2025-05-08T23:40:11 IST" skipped="0">
  <testcase classname="org.kgisl.tests.TS004" name="TC007" time="0.056"/>
</testsuite> <!-- org.kgisl.tests.TS004 -->
