<?xml version="1.0" encoding="UTF-8"?>
<!-- Generated by org.testng.reporters.JUnitReportReporter -->
<testsuite hostname="Shivendra" failures="0" tests="1" name="org.kgisl.tests.TS005" time="0.440" errors="0" timestamp="2025-05-08T23:57:38 IST" skipped="0">
  <testcase classname="org.kgisl.tests.TS005" name="TC008" time="0.440"/>
</testsuite> <!-- org.kgisl.tests.TS005 -->
