<?xml version="1.0" encoding="UTF-8"?>
<!-- Generated by org.testng.reporters.JUnitReportReporter -->
<testsuite hostname="Shivendra" failures="0" tests="1" name="TestNGDemoClass" time="5.249" errors="0" timestamp="2025-05-07T00:30:54 IST" skipped="0">
  <testcase classname="TestNGDemoClass" name="demoFunction" time="5.249"/>
</testsuite> <!-- TestNGDemoClass -->
