<?xml version="1.0" encoding="UTF-8"?>
<!-- Generated by org.testng.reporters.JUnitReportReporter -->
<testsuite hostname="Shivendra" failures="0" tests="1" name="org.kgisl.tests.TS022" time="17.804" errors="0" timestamp="2025-05-09T22:26:46 IST" skipped="0">
  <testcase classname="org.kgisl.tests.TS022" name="TC019" time="17.804"/>
</testsuite> <!-- org.kgisl.tests.TS022 -->
