<?xml version="1.0" encoding="UTF-8"?>
<!-- Generated by org.testng.reporters.JUnitReportReporter -->
<testsuite hostname="Shivendra" failures="0" tests="1" name="org.kgisl.tests.TS025" time="8.330" errors="0" timestamp="2025-05-10T18:01:01 IST" skipped="0">
  <testcase classname="org.kgisl.tests.TS025" name="TC001" time="8.330"/>
</testsuite> <!-- org.kgisl.tests.TS025 -->
