<?xml version="1.0" encoding="UTF-8"?>
<!-- Generated by org.testng.reporters.JUnitReportReporter -->
<testsuite hostname="Shivendra" failures="0" tests="1" name="org.kgisl.tests.TS019" time="4.783" errors="0" timestamp="2025-05-09T22:13:54 IST" skipped="0">
  <testcase classname="org.kgisl.tests.TS019" name="TC016" time="4.783"/>
</testsuite> <!-- org.kgisl.tests.TS019 -->
