<?xml version="1.0" encoding="UTF-8"?>
<!-- Generated by org.testng.reporters.JUnitReportReporter -->
<testsuite hostname="Shivendra" failures="0" tests="8" name="org.kgisl.tests.TS033" time="38.550" errors="0" timestamp="2025-05-12T12:54:03 IST" skipped="7">
  <testcase classname="org.kgisl.tests.TS033" name="TC008" time="38.550"/>
  <testcase classname="org.kgisl.tests.TS033" name="TC015">
    <skipped/>
  </testcase> <!-- TC015 -->
  <testcase classname="org.kgisl.tests.TS033" name="TC012">
    <skipped/>
  </testcase> <!-- TC012 -->
  <testcase classname="org.kgisl.tests.TS033" name="TC013">
    <skipped/>
  </testcase> <!-- TC013 -->
  <testcase classname="org.kgisl.tests.TS033" name="TC016">
    <skipped/>
  </testcase> <!-- TC016 -->
  <testcase classname="org.kgisl.tests.TS033" name="TC011">
    <skipped/>
  </testcase> <!-- TC011 -->
  <testcase classname="org.kgisl.tests.TS033" name="TC014">
    <skipped/>
  </testcase> <!-- TC014 -->
  <testcase classname="org.kgisl.tests.TS033" name="TC017">
    <skipped/>
  </testcase> <!-- TC017 -->
</testsuite> <!-- org.kgisl.tests.TS033 -->
