<?xml version="1.0" encoding="UTF-8"?>
<!-- Generated by org.testng.reporters.JUnitReportReporter -->
<testsuite hostname="Shivendra" failures="0" tests="1" name="org.kgisl.tests.TS020" time="3.981" errors="0" timestamp="2025-05-09T22:16:16 IST" skipped="0">
  <testcase classname="org.kgisl.tests.TS020" name="TC017" time="3.981"/>
</testsuite> <!-- org.kgisl.tests.TS020 -->
