<?xml version="1.0" encoding="UTF-8"?>
<!-- Generated by org.testng.reporters.JUnitReportReporter -->
<testsuite hostname="Shivendra" failures="0" tests="1" name="org.kgisl.tests.TS028" time="7.917" errors="0" timestamp="2025-05-10T16:46:10 IST" skipped="0">
  <testcase classname="org.kgisl.tests.TS028" name="TC011" time="7.917"/>
</testsuite> <!-- org.kgisl.tests.TS028 -->
