<?xml version="1.0" encoding="UTF-8"?>
<!-- Generated by org.testng.reporters.JUnitReportReporter -->
<testsuite hostname="Shivendra" failures="0" tests="5" name="org.kgisl.tests.TS027" time="48.386" errors="0" timestamp="2025-05-10T15:03:49 IST" skipped="0">
  <testcase classname="org.kgisl.tests.TS027" name="TC009" time="12.371"/>
  <testcase classname="org.kgisl.tests.TS027" name="TC008" time="9.190"/>
  <testcase classname="org.kgisl.tests.TS027" name="TC010" time="8.453"/>
  <testcase classname="org.kgisl.tests.TS027" name="TC007" time="9.324"/>
  <testcase classname="org.kgisl.tests.TS027" name="TC006" time="9.048"/>
</testsuite> <!-- org.kgisl.tests.TS027 -->
