<?xml version="1.0" encoding="UTF-8"?>
<!-- Generated by org.testng.reporters.JUnitReportReporter -->
<testsuite hostname="Shivendra" failures="0" tests="3" name="org.kgisl.tests.TS001" time="17.271" errors="0" timestamp="2025-05-12T11:38:00 IST" skipped="0">
  <testcase classname="org.kgisl.tests.TS001" name="TC001" time="8.488"/>
  <testcase classname="org.kgisl.tests.TS001" name="TC002" time="5.775"/>
  <testcase classname="org.kgisl.tests.TS001" name="TC003" time="3.008"/>
</testsuite> <!-- org.kgisl.tests.TS001 -->
