<?xml version="1.0" encoding="UTF-8"?>
<!-- Generated by org.testng.reporters.JUnitReportReporter -->
<testsuite hostname="Shivendra" failures="0" tests="1" name="org.kgisl.tests.TS013" time="1.511" errors="0" timestamp="2025-05-09T08:52:48 IST" skipped="0">
  <testcase classname="org.kgisl.tests.TS013" name="TC010" time="1.511"/>
</testsuite> <!-- org.kgisl.tests.TS013 -->
