<?xml version="1.0" encoding="UTF-8"?>
<!-- Generated by org.testng.reporters.JUnitReportReporter -->
<testsuite hostname="Shivendra" failures="0" tests="1" name="org.kgisl.tests.TS032" time="13.717" errors="0" timestamp="2025-05-11T15:13:01 IST" skipped="0">
  <testcase classname="org.kgisl.tests.TS032" name="TC027" time="13.717"/>
</testsuite> <!-- org.kgisl.tests.TS032 -->
