<?xml version="1.0" encoding="UTF-8"?>
<!-- Generated by org.testng.reporters.JUnitReportReporter -->
<testsuite hostname="Shivendra" failures="0" tests="1" name="org.kgisl.tests.TS021" time="8.979" errors="0" timestamp="2025-05-10T13:12:35 IST" skipped="0">
  <testcase classname="org.kgisl.tests.TS021" name="TC018" time="8.979"/>
</testsuite> <!-- org.kgisl.tests.TS021 -->
