<?xml version="1.0" encoding="UTF-8"?>
<!-- Generated by org.testng.reporters.JUnitReportReporter -->
<testsuite hostname="Shivendra" failures="0" tests="1" name="org.kgisl.tests.TS015" time="0.047" errors="0" timestamp="2025-05-09T08:58:43 IST" skipped="0">
  <testcase classname="org.kgisl.tests.TS015" name="TC012" time="0.047"/>
</testsuite> <!-- org.kgisl.tests.TS015 -->
