<?xml version="1.0" encoding="UTF-8"?>
<!-- Generated by org.testng.reporters.JUnitReportReporter -->
<testsuite hostname="Shivendra" failures="0" tests="1" name="org.kgisl.tests.TS024" time="12.338" errors="0" timestamp="2025-05-09T23:12:18 IST" skipped="0">
  <testcase classname="org.kgisl.tests.TS024" name="TC021" time="12.338"/>
</testsuite> <!-- org.kgisl.tests.TS024 -->
